<?xml version="1.0" encoding="UTF-8"?>
<testng-results skipped="0" failed="0" ignored="0" total="1" passed="1">
  <reporter-output>
  </reporter-output>
  <suite name="Default suite" duration-ms="81620" started-at="2020-11-09T05:18:43Z" finished-at="2020-11-09T05:20:04Z">
    <groups>
    </groups>
    <test name="Default test" duration-ms="81620" started-at="2020-11-09T05:18:43Z" finished-at="2020-11-09T05:20:04Z">
      <class name="khanAcadmey.TestKhanAcadmey">
        <test-method status="PASS" signature="openkhanAcagmey()[pri:0, instance:khanAcadmey.TestKhanAcadmey@53b32d7]" name="openkhanAcagmey" is-config="true" duration-ms="47536" started-at="2020-11-09T05:18:43Z" finished-at="2020-11-09T05:19:30Z">
          <reporter-output>
          </reporter-output>
        </test-method> <!-- openkhanAcagmey -->
        <test-method status="PASS" signature="searchPraxisCore()[pri:0, instance:khanAcadmey.TestKhanAcadmey@53b32d7]" name="searchPraxisCore" duration-ms="18259" started-at="2020-11-09T05:19:30Z" finished-at="2020-11-09T05:19:49Z">
          <reporter-output>
          </reporter-output>
        </test-method> <!-- searchPraxisCore -->
        <test-method status="PASS" signature="appClose()[pri:0, instance:khanAcadmey.TestKhanAcadmey@53b32d7]" name="appClose" is-config="true" duration-ms="15770" started-at="2020-11-09T05:19:49Z" finished-at="2020-11-09T05:20:04Z">
          <reporter-output>
          </reporter-output>
        </test-method> <!-- appClose -->
      </class> <!-- khanAcadmey.TestKhanAcadmey -->
    </test> <!-- Default test -->
  </suite> <!-- Default suite -->
</testng-results>
